{"uid":"9a656d3b8c08ad04","name":"test_del_my_article","fullName":"tests.test_proba.TestConduit#test_del_my_article","historyId":"57239c27e7d87a2336ec286c0e5a09d5","time":{"start":1680973609018,"stop":1680973616306,"duration":7288},"status":"broken","statusMessage":"selenium.common.exceptions.TimeoutException: Message: \nStacktrace:\n#0 0x55a20f0f6243 <unknown>\n#1 0x55a20eeba7a6 <unknown>\n#2 0x55a20eef764d <unknown>\n#3 0x55a20eef7761 <unknown>\n#4 0x55a20ef32da4 <unknown>\n#5 0x55a20ef180ad <unknown>\n#6 0x55a20ef30932 <unknown>\n#7 0x55a20ef17e53 <unknown>\n#8 0x55a20eeea9ea <unknown>\n#9 0x55a20eeebb2e <unknown>\n#10 0x55a20f14ad5e <unknown>\n#11 0x55a20f14ea80 <unknown>\n#12 0x55a20f1308b0 <unknown>\n#13 0x55a20f14fb63 <unknown>\n#14 0x55a20f121f75 <unknown>\n#15 0x55a20f172998 <unknown>\n#16 0x55a20f172b27 <unknown>\n#17 0x55a20f18dc23 <unknown>\n#18 0x7f47bde00b43 <unknown>","statusTrace":"self = <test_proba.TestConduit object at 0x7f1e8d25f310>\n\n    def test_del_my_article(self):\n        self.browser.sing_in()\n        self.browser.my_article().click()\n        self.browser.del_article_btn().click()\n>       assert not self.browser.my_article().is_displayed() == False\n\ntests/test_proba.py:83: \n_ _ _ _ _ _ _ _ _ _ _ _ _ _ _ _ _ _ _ _ _ _ _ _ _ _ _ _ _ _ _ _ _ _ _ _ _ _ _ _ \ntests/model.py:113: in my_article\n    return WebDriverWait(self.browser, 5).until(EC.presence_of_element_located((By.XPATH, f'//h1[contains(text(), \"{test_article[\"article\"]}\")]')))\n_ _ _ _ _ _ _ _ _ _ _ _ _ _ _ _ _ _ _ _ _ _ _ _ _ _ _ _ _ _ _ _ _ _ _ _ _ _ _ _ \n\nself = <selenium.webdriver.support.wait.WebDriverWait (session=\"cda1535b9b4b1406a0e0766a428049f4\")>\nmethod = <function presence_of_element_located.<locals>._predicate at 0x7f1e8d3172e0>\nmessage = ''\n\n    def until(self, method, message: str = \"\"):\n        \"\"\"Calls the method provided with the driver as an argument until the \\\n        return value does not evaluate to ``False``.\n    \n        :param method: callable(WebDriver)\n        :param message: optional message for :exc:`TimeoutException`\n        :returns: the result of the last call to `method`\n        :raises: :exc:`selenium.common.exceptions.TimeoutException` if timeout occurs\n        \"\"\"\n        screen = None\n        stacktrace = None\n    \n        end_time = time.monotonic() + self._timeout\n        while True:\n            try:\n                value = method(self._driver)\n                if value:\n                    return value\n            except self._ignored_exceptions as exc:\n                screen = getattr(exc, \"screen\", None)\n                stacktrace = getattr(exc, \"stacktrace\", None)\n            time.sleep(self._poll)\n            if time.monotonic() > end_time:\n                break\n>       raise TimeoutException(message, screen, stacktrace)\nE       selenium.common.exceptions.TimeoutException: Message: \nE       Stacktrace:\nE       #0 0x55a20f0f6243 <unknown>\nE       #1 0x55a20eeba7a6 <unknown>\nE       #2 0x55a20eef764d <unknown>\nE       #3 0x55a20eef7761 <unknown>\nE       #4 0x55a20ef32da4 <unknown>\nE       #5 0x55a20ef180ad <unknown>\nE       #6 0x55a20ef30932 <unknown>\nE       #7 0x55a20ef17e53 <unknown>\nE       #8 0x55a20eeea9ea <unknown>\nE       #9 0x55a20eeebb2e <unknown>\nE       #10 0x55a20f14ad5e <unknown>\nE       #11 0x55a20f14ea80 <unknown>\nE       #12 0x55a20f1308b0 <unknown>\nE       #13 0x55a20f14fb63 <unknown>\nE       #14 0x55a20f121f75 <unknown>\nE       #15 0x55a20f172998 <unknown>\nE       #16 0x55a20f172b27 <unknown>\nE       #17 0x55a20f18dc23 <unknown>\nE       #18 0x7f47bde00b43 <unknown>\n\n/opt/hostedtoolcache/Python/3.10.10/x64/lib/python3.10/site-packages/selenium/webdriver/support/wait.py:95: TimeoutException","flaky":false,"newFailed":false,"newBroken":false,"newPassed":false,"retriesCount":0,"retriesStatusChange":false,"beforeStages":[{"name":"_xunit_setup_method_fixture_TestConduit","time":{"start":1680973607895,"stop":1680973609017,"duration":1122},"status":"passed","steps":[],"attachments":[],"parameters":[],"stepsCount":0,"attachmentsCount":0,"shouldDisplayMessage":false,"hasContent":false}],"afterStages":[{"name":"_xunit_setup_method_fixture_TestConduit::0","time":{"start":1680973616360,"stop":1680973616419,"duration":59},"status":"passed","steps":[],"attachments":[],"parameters":[],"stepsCount":0,"attachmentsCount":0,"shouldDisplayMessage":false,"hasContent":false}],"labels":[{"name":"parentSuite","value":"tests"},{"name":"suite","value":"test_proba"},{"name":"subSuite","value":"TestConduit"},{"name":"host","value":"fv-az456-903"},{"name":"thread","value":"3041-MainThread"},{"name":"framework","value":"pytest"},{"name":"language","value":"cpython3"},{"name":"package","value":"tests.test_proba"},{"name":"resultFormat","value":"allure2"}],"parameters":[],"links":[],"hidden":false,"retry":false,"extra":{"severity":"normal","retries":[],"categories":[{"name":"Test defects","matchedStatuses":[],"flaky":false}],"tags":[]},"source":"9a656d3b8c08ad04.json","parameterValues":[]}