{"uid":"e94667768f0a2379","name":"test_del_my_article","fullName":"tests.test_proba.TestConduit#test_del_my_article","historyId":"57239c27e7d87a2336ec286c0e5a09d5","time":{"start":1680972249918,"stop":1680972257079,"duration":7161},"status":"broken","statusMessage":"selenium.common.exceptions.TimeoutException: Message: \nStacktrace:\n#0 0x5629147e8243 <unknown>\n#1 0x5629145ac7a6 <unknown>\n#2 0x5629145e964d <unknown>\n#3 0x5629145e9761 <unknown>\n#4 0x562914624da4 <unknown>\n#5 0x56291460a0ad <unknown>\n#6 0x562914622932 <unknown>\n#7 0x562914609e53 <unknown>\n#8 0x5629145dc9ea <unknown>\n#9 0x5629145ddb2e <unknown>\n#10 0x56291483cd5e <unknown>\n#11 0x562914840a80 <unknown>\n#12 0x5629148228b0 <unknown>\n#13 0x562914841b63 <unknown>\n#14 0x562914813f75 <unknown>\n#15 0x562914864998 <unknown>\n#16 0x562914864b27 <unknown>\n#17 0x56291487fc23 <unknown>\n#18 0x7f16eede4b43 <unknown>","statusTrace":"self = <test_proba.TestConduit object at 0x7f93e586d5a0>\n\n    def test_del_my_article(self):\n        self.browser.sing_in()\n        self.browser.my_article().click()\n        self.browser.del_article_btn().click()\n>       assert not self.browser.my_article().is_displayed() == False\n\ntests/test_proba.py:82: \n_ _ _ _ _ _ _ _ _ _ _ _ _ _ _ _ _ _ _ _ _ _ _ _ _ _ _ _ _ _ _ _ _ _ _ _ _ _ _ _ \ntests/model.py:113: in my_article\n    return WebDriverWait(self.browser, 5).until(EC.presence_of_element_located((By.XPATH, f'//h1[contains(text(), \"{test_article[\"article\"]}\")]')))\n_ _ _ _ _ _ _ _ _ _ _ _ _ _ _ _ _ _ _ _ _ _ _ _ _ _ _ _ _ _ _ _ _ _ _ _ _ _ _ _ \n\nself = <selenium.webdriver.support.wait.WebDriverWait (session=\"5bcacd2ce6b272f4b06310ca5944ecfd\")>\nmethod = <function presence_of_element_located.<locals>._predicate at 0x7f93e591b2e0>\nmessage = ''\n\n    def until(self, method, message: str = \"\"):\n        \"\"\"Calls the method provided with the driver as an argument until the \\\n        return value does not evaluate to ``False``.\n    \n        :param method: callable(WebDriver)\n        :param message: optional message for :exc:`TimeoutException`\n        :returns: the result of the last call to `method`\n        :raises: :exc:`selenium.common.exceptions.TimeoutException` if timeout occurs\n        \"\"\"\n        screen = None\n        stacktrace = None\n    \n        end_time = time.monotonic() + self._timeout\n        while True:\n            try:\n                value = method(self._driver)\n                if value:\n                    return value\n            except self._ignored_exceptions as exc:\n                screen = getattr(exc, \"screen\", None)\n                stacktrace = getattr(exc, \"stacktrace\", None)\n            time.sleep(self._poll)\n            if time.monotonic() > end_time:\n                break\n>       raise TimeoutException(message, screen, stacktrace)\nE       selenium.common.exceptions.TimeoutException: Message: \nE       Stacktrace:\nE       #0 0x5629147e8243 <unknown>\nE       #1 0x5629145ac7a6 <unknown>\nE       #2 0x5629145e964d <unknown>\nE       #3 0x5629145e9761 <unknown>\nE       #4 0x562914624da4 <unknown>\nE       #5 0x56291460a0ad <unknown>\nE       #6 0x562914622932 <unknown>\nE       #7 0x562914609e53 <unknown>\nE       #8 0x5629145dc9ea <unknown>\nE       #9 0x5629145ddb2e <unknown>\nE       #10 0x56291483cd5e <unknown>\nE       #11 0x562914840a80 <unknown>\nE       #12 0x5629148228b0 <unknown>\nE       #13 0x562914841b63 <unknown>\nE       #14 0x562914813f75 <unknown>\nE       #15 0x562914864998 <unknown>\nE       #16 0x562914864b27 <unknown>\nE       #17 0x56291487fc23 <unknown>\nE       #18 0x7f16eede4b43 <unknown>\n\n/opt/hostedtoolcache/Python/3.10.10/x64/lib/python3.10/site-packages/selenium/webdriver/support/wait.py:95: TimeoutException","flaky":false,"newFailed":false,"newBroken":false,"newPassed":false,"retriesCount":0,"retriesStatusChange":false,"beforeStages":[{"name":"_xunit_setup_method_fixture_TestConduit","time":{"start":1680972248826,"stop":1680972249917,"duration":1091},"status":"passed","steps":[],"attachments":[],"parameters":[],"stepsCount":0,"attachmentsCount":0,"shouldDisplayMessage":false,"hasContent":false}],"afterStages":[{"name":"_xunit_setup_method_fixture_TestConduit::0","time":{"start":1680972257088,"stop":1680972257143,"duration":55},"status":"passed","steps":[],"attachments":[],"parameters":[],"stepsCount":0,"attachmentsCount":0,"shouldDisplayMessage":false,"hasContent":false}],"labels":[{"name":"parentSuite","value":"tests"},{"name":"suite","value":"test_proba"},{"name":"subSuite","value":"TestConduit"},{"name":"host","value":"fv-az412-460"},{"name":"thread","value":"3128-MainThread"},{"name":"framework","value":"pytest"},{"name":"language","value":"cpython3"},{"name":"package","value":"tests.test_proba"},{"name":"resultFormat","value":"allure2"}],"parameters":[],"links":[],"hidden":false,"retry":false,"extra":{"severity":"normal","retries":[],"categories":[{"name":"Test defects","matchedStatuses":[],"flaky":false}],"tags":[]},"source":"e94667768f0a2379.json","parameterValues":[]}