{"uid":"9bec4a838198e4e0","name":"test_del_my_article","fullName":"tests.test_proba.TestConduit#test_del_my_article","historyId":"57239c27e7d87a2336ec286c0e5a09d5","time":{"start":1680974007450,"stop":1680974014077,"duration":6627},"status":"broken","statusMessage":"selenium.common.exceptions.TimeoutException: Message: \nStacktrace:\n#0 0x563f4b65b243 <unknown>\n#1 0x563f4b41f7a6 <unknown>\n#2 0x563f4b45c64d <unknown>\n#3 0x563f4b45c761 <unknown>\n#4 0x563f4b497da4 <unknown>\n#5 0x563f4b47d0ad <unknown>\n#6 0x563f4b495932 <unknown>\n#7 0x563f4b47ce53 <unknown>\n#8 0x563f4b44f9ea <unknown>\n#9 0x563f4b450b2e <unknown>\n#10 0x563f4b6afd5e <unknown>\n#11 0x563f4b6b3a80 <unknown>\n#12 0x563f4b6958b0 <unknown>\n#13 0x563f4b6b4b63 <unknown>\n#14 0x563f4b686f75 <unknown>\n#15 0x563f4b6d7998 <unknown>\n#16 0x563f4b6d7b27 <unknown>\n#17 0x563f4b6f2c23 <unknown>\n#18 0x7f6b3f1a5b43 <unknown>","statusTrace":"self = <test_proba.TestConduit object at 0x7f3aa0411810>\n\n    def test_del_my_article(self):\n        self.browser.sing_in()\n        self.browser.my_article().click()\n        self.browser.del_article_btn().click()\n>       assert not self.browser.my_article().is_displayed() == True\n\ntests/test_proba.py:82: \n_ _ _ _ _ _ _ _ _ _ _ _ _ _ _ _ _ _ _ _ _ _ _ _ _ _ _ _ _ _ _ _ _ _ _ _ _ _ _ _ \ntests/model.py:113: in my_article\n    return WebDriverWait(self.browser, 5).until(EC.presence_of_element_located((By.XPATH, f'//h1[contains(text(), \"{test_article[\"article\"]}\")]')))\n_ _ _ _ _ _ _ _ _ _ _ _ _ _ _ _ _ _ _ _ _ _ _ _ _ _ _ _ _ _ _ _ _ _ _ _ _ _ _ _ \n\nself = <selenium.webdriver.support.wait.WebDriverWait (session=\"9285d1a413119268b673769949bde0af\")>\nmethod = <function presence_of_element_located.<locals>._predicate at 0x7f3aa04bacb0>\nmessage = ''\n\n    def until(self, method, message: str = \"\"):\n        \"\"\"Calls the method provided with the driver as an argument until the \\\n        return value does not evaluate to ``False``.\n    \n        :param method: callable(WebDriver)\n        :param message: optional message for :exc:`TimeoutException`\n        :returns: the result of the last call to `method`\n        :raises: :exc:`selenium.common.exceptions.TimeoutException` if timeout occurs\n        \"\"\"\n        screen = None\n        stacktrace = None\n    \n        end_time = time.monotonic() + self._timeout\n        while True:\n            try:\n                value = method(self._driver)\n                if value:\n                    return value\n            except self._ignored_exceptions as exc:\n                screen = getattr(exc, \"screen\", None)\n                stacktrace = getattr(exc, \"stacktrace\", None)\n            time.sleep(self._poll)\n            if time.monotonic() > end_time:\n                break\n>       raise TimeoutException(message, screen, stacktrace)\nE       selenium.common.exceptions.TimeoutException: Message: \nE       Stacktrace:\nE       #0 0x563f4b65b243 <unknown>\nE       #1 0x563f4b41f7a6 <unknown>\nE       #2 0x563f4b45c64d <unknown>\nE       #3 0x563f4b45c761 <unknown>\nE       #4 0x563f4b497da4 <unknown>\nE       #5 0x563f4b47d0ad <unknown>\nE       #6 0x563f4b495932 <unknown>\nE       #7 0x563f4b47ce53 <unknown>\nE       #8 0x563f4b44f9ea <unknown>\nE       #9 0x563f4b450b2e <unknown>\nE       #10 0x563f4b6afd5e <unknown>\nE       #11 0x563f4b6b3a80 <unknown>\nE       #12 0x563f4b6958b0 <unknown>\nE       #13 0x563f4b6b4b63 <unknown>\nE       #14 0x563f4b686f75 <unknown>\nE       #15 0x563f4b6d7998 <unknown>\nE       #16 0x563f4b6d7b27 <unknown>\nE       #17 0x563f4b6f2c23 <unknown>\nE       #18 0x7f6b3f1a5b43 <unknown>\n\n/opt/hostedtoolcache/Python/3.10.10/x64/lib/python3.10/site-packages/selenium/webdriver/support/wait.py:95: TimeoutException","flaky":false,"newFailed":false,"newBroken":false,"newPassed":false,"retriesCount":0,"retriesStatusChange":false,"beforeStages":[{"name":"_xunit_setup_method_fixture_TestConduit","time":{"start":1680974006374,"stop":1680974007449,"duration":1075},"status":"passed","steps":[],"attachments":[],"parameters":[],"stepsCount":0,"attachmentsCount":0,"shouldDisplayMessage":false,"hasContent":false}],"afterStages":[{"name":"_xunit_setup_method_fixture_TestConduit::0","time":{"start":1680974014121,"stop":1680974014178,"duration":57},"status":"passed","steps":[],"attachments":[],"parameters":[],"stepsCount":0,"attachmentsCount":0,"shouldDisplayMessage":false,"hasContent":false}],"labels":[{"name":"parentSuite","value":"tests"},{"name":"suite","value":"test_proba"},{"name":"subSuite","value":"TestConduit"},{"name":"host","value":"fv-az993-929"},{"name":"thread","value":"3034-MainThread"},{"name":"framework","value":"pytest"},{"name":"language","value":"cpython3"},{"name":"package","value":"tests.test_proba"},{"name":"resultFormat","value":"allure2"}],"parameters":[],"links":[],"hidden":false,"retry":false,"extra":{"severity":"normal","retries":[],"categories":[{"name":"Test defects","matchedStatuses":[],"flaky":false}],"tags":[]},"source":"9bec4a838198e4e0.json","parameterValues":[]}